583
Original data
     Total_Bilirubin  Direct_Bilirubin  ...  Total_Protiens  Albumin
0                0.7               0.1  ...             6.8      3.3
1               10.9               5.5  ...             7.5      3.2
2                7.3               4.1  ...             7.0      3.3
3                1.0               0.4  ...             6.8      3.4
4                3.9               2.0  ...             7.3      2.4
..               ...               ...  ...             ...      ...
578              0.5               0.1  ...             5.9      1.6
579              0.6               0.1  ...             6.0      3.2
580              0.8               0.2  ...             6.4      3.2
581              1.3               0.5  ...             6.8      3.4
582              1.0               0.3  ...             7.3      4.4

[583 rows x 7 columns]
> /repos/liver_dev.py(31)<module>()
-> min_max_scaler = preprocessing.StandardScaler()
(Pdb) --KeyboardInterrupt--
(Pdb) (Pdb) --KeyboardInterrupt--
(Pdb) --KeyboardInterrupt--
(Pdb) --KeyboardInterrupt--
(Pdb) --KeyboardInterrupt--
(Pdb) (Pdb) (Pdb) (Pdb) --KeyboardInterrupt--
(Pdb) --KeyboardInterrupt--
(Pdb) --KeyboardInterrupt--
(Pdb) --KeyboardInterrupt--
(Pdb) (Pdb) --KeyboardInterrupt--
(Pdb) (Pdb) 