583
Original data
     Age  Total_Bilirubin  ...  Total_Protiens  Albumin
0     65              0.7  ...             6.8      3.3
1     62             10.9  ...             7.5      3.2
2     62              7.3  ...             7.0      3.3
3     58              1.0  ...             6.8      3.4
4     72              3.9  ...             7.3      2.4
..   ...              ...  ...             ...      ...
578   60              0.5  ...             5.9      1.6
579   40              0.6  ...             6.0      3.2
580   52              0.8  ...             6.4      3.2
581   31              1.3  ...             6.8      3.4
582   38              1.0  ...             7.3      4.4

[583 rows x 8 columns]
583
dataframe-------------------------------->
          Age  Total_Bilirubin  ...  Total_Protiens   Albumin
0    1.252098        -0.418878  ...        0.292120  0.198969
1    1.066637         1.225171  ...        0.937566  0.073157
2    1.066637         0.644919  ...        0.476533  0.198969
3    0.819356        -0.370523  ...        0.292120  0.324781
4    1.684839         0.096902  ...        0.753153 -0.933340
..        ...              ...  ...             ...       ...
578  0.942997        -0.451114  ...       -0.537740 -1.939837
579 -0.293407        -0.434996  ...       -0.445534  0.073157
580  0.448435        -0.402760  ...       -0.076707  0.073157
581 -0.849789        -0.322169  ...        0.292120  0.324781
582 -0.417048        -0.370523  ...        0.753153  1.582902

[583 rows x 8 columns]
          Age  Total_Bilirubin  ...   Albumin  Gender
0    1.252098        -0.418878  ...  0.198969  Female
1    1.066637         1.225171  ...  0.073157    Male
2    1.066637         0.644919  ...  0.198969    Male
3    0.819356        -0.370523  ...  0.324781    Male
4    1.684839         0.096902  ... -0.933340    Male
..        ...              ...  ...       ...     ...
578  0.942997        -0.451114  ... -1.939837    Male
579 -0.293407        -0.434996  ...  0.073157    Male
580  0.448435        -0.402760  ...  0.073157    Male
581 -0.849789        -0.322169  ...  0.324781    Male
582 -0.417048        -0.370523  ...  1.582902    Male

[583 rows x 9 columns]
          Age  Total_Bilirubin  Direct_Bilirubin  ...   Albumin  Gender  Dataset
0    1.252098        -0.418878         -0.493964  ...  0.198969  Female        1
1    1.066637         1.225171          1.430423  ...  0.073157    Male        1
2    1.066637         0.644919          0.931508  ...  0.198969    Male        1
3    0.819356        -0.370523         -0.387054  ...  0.324781    Male        1
4    1.684839         0.096902          0.183135  ... -0.933340    Male        1
..        ...              ...               ...  ...       ...     ...      ...
578  0.942997        -0.451114         -0.493964  ... -1.939837    Male        2
579 -0.293407        -0.434996         -0.493964  ...  0.073157    Male        1
580  0.448435        -0.402760         -0.458327  ...  0.073157    Male        1
581 -0.849789        -0.322169         -0.351417  ...  0.324781    Male        1
582 -0.417048        -0.370523         -0.422690  ...  1.582902    Male        2

[583 rows x 10 columns]
419 train examples
47 validation examples
117 test examples
Every feature: ['Age', 'Total_Bilirubin', 'Direct_Bilirubin', 'Alkaline_Phosphotase', 'Alamine_Aminotransferase', 'Aspartate_Aminotransferase', 'Total_Protiens', 'Albumin', 'Gender']
A batch of ages: tf.Tensor([-0.60250837  0.5102552   0.32479465 -1.1588901  -0.97342956], shape=(5,), dtype=float32)
A batch of targets: tf.Tensor([2 2 1 1 2], shape=(5,), dtype=int32)
Demo AGE
[[-0.60250837]
 [ 0.5102552 ]
 [ 0.32479465]
 [-1.1588901 ]
 [-0.97342956]]
Gender one hot
[[1. 0.]
 [0. 1.]
 [1. 0.]
 [1. 0.]
 [1. 0.]]
Printing header
Age
Printing header
Total_Bilirubin
Printing header
Direct_Bilirubin
Printing header
Alkaline_Phosphotase
Printing header
Alamine_Aminotransferase
Printing header
Aspartate_Aminotransferase
Printing header
Total_Protiens
Printing header
Albumin
Feature columns------------------------------------------>
