583
Original data
     Total_Bilirubin  Direct_Bilirubin  ...  Total_Protiens  Albumin
0                0.7               0.1  ...             6.8      3.3
1               10.9               5.5  ...             7.5      3.2
2                7.3               4.1  ...             7.0      3.3
3                1.0               0.4  ...             6.8      3.4
4                3.9               2.0  ...             7.3      2.4
..               ...               ...  ...             ...      ...
578              0.5               0.1  ...             5.9      1.6
579              0.6               0.1  ...             6.0      3.2
580              0.8               0.2  ...             6.4      3.2
581              1.3               0.5  ...             6.8      3.4
582              1.0               0.3  ...             7.3      4.4

[583 rows x 7 columns]
583
dataframe-------------------------------->
     Total_Bilirubin  Direct_Bilirubin  ...  Total_Protiens   Albumin
0          -0.418878         -0.493964  ...        0.292120  0.198969
1           1.225171          1.430423  ...        0.937566  0.073157
2           0.644919          0.931508  ...        0.476533  0.198969
3          -0.370523         -0.387054  ...        0.292120  0.324781
4           0.096902          0.183135  ...        0.753153 -0.933340
..               ...               ...  ...             ...       ...
578        -0.451114         -0.493964  ...       -0.537740 -1.939837
579        -0.434996         -0.493964  ...       -0.445534  0.073157
580        -0.402760         -0.458327  ...       -0.076707  0.073157
581        -0.322169         -0.351417  ...        0.292120  0.324781
582        -0.370523         -0.422690  ...        0.753153  1.582902

[583 rows x 7 columns]
